0 info it worked if it ends with ok
1 verbose cli [ 'C:\\Program Files\\nodejs\\node.exe',
1 verbose cli   'C:\\Users\\Paddy\\AppData\\Roaming\\npm\\node_modules\\npm\\bin\\npm-cli.js',
1 verbose cli   'install',
1 verbose cli   'base64' ]
2 info using npm@3.8.0
3 info using node@v4.4.0
4 silly loadCurrentTree Starting
5 silly install loadCurrentTree
6 silly install readLocalPackageData
7 silly fetchPackageMetaData base64
8 silly fetchNamedPackageData base64
9 silly mapToRegistry name base64
10 silly mapToRegistry using default registry
11 silly mapToRegistry registry https://registry.npmjs.org/
12 silly mapToRegistry uri https://registry.npmjs.org/base64
13 verbose request uri https://registry.npmjs.org/base64
14 verbose request no auth needed
15 info attempt registry request try #1 at 11:19:58 PM
16 verbose request id 4ba7cd75b6d8e810
17 verbose etag "2HUBENGYKYW770NDYMFRC95I0"
18 http request GET https://registry.npmjs.org/base64
19 http 304 https://registry.npmjs.org/base64
20 verbose headers { date: 'Thu, 17 Mar 2016 23:19:58 GMT',
20 verbose headers   via: '1.1 varnish',
20 verbose headers   'cache-control': 'max-age=300',
20 verbose headers   etag: '"2HUBENGYKYW770NDYMFRC95I0"',
20 verbose headers   age: '0',
20 verbose headers   connection: 'keep-alive',
20 verbose headers   'x-served-by': 'cache-lhr6332-LHR',
20 verbose headers   'x-cache': 'MISS',
20 verbose headers   'x-cache-hits': '0',
20 verbose headers   'x-timer': 'S1458256798.088748,VS0,VE359',
20 verbose headers   vary: 'Accept' }
21 silly get cb [ 304,
21 silly get   { date: 'Thu, 17 Mar 2016 23:19:58 GMT',
21 silly get     via: '1.1 varnish',
21 silly get     'cache-control': 'max-age=300',
21 silly get     etag: '"2HUBENGYKYW770NDYMFRC95I0"',
21 silly get     age: '0',
21 silly get     connection: 'keep-alive',
21 silly get     'x-served-by': 'cache-lhr6332-LHR',
21 silly get     'x-cache': 'MISS',
21 silly get     'x-cache-hits': '0',
21 silly get     'x-timer': 'S1458256798.088748,VS0,VE359',
21 silly get     vary: 'Accept' } ]
22 verbose etag https://registry.npmjs.org/base64 from cache
23 verbose get saving base64 to C:\Users\Paddy\AppData\Roaming\npm-cache\registry.npmjs.org\base64\.cache.json
24 verbose correctMkdir C:\Users\Paddy\AppData\Roaming\npm-cache correctMkdir not in flight; initializing
25 silly install normalizeTree
26 silly loadCurrentTree Finishing
27 silly loadIdealTree Starting
28 silly install loadIdealTree
29 silly cloneCurrentTree Starting
30 silly install cloneCurrentTreeToIdealTree
31 silly cloneCurrentTree Finishing
32 silly loadShrinkwrap Starting
33 silly install loadShrinkwrap
34 silly loadShrinkwrap Finishing
35 silly loadAllDepsIntoIdealTree Starting
36 silly install loadAllDepsIntoIdealTree
37 silly resolveWithNewModule base64@2.1.0 checking installable status
38 silly cache add args [ 'base64', null ]
39 verbose cache add spec base64
40 silly cache add parsed spec Result {
40 silly cache add   raw: 'base64',
40 silly cache add   scope: null,
40 silly cache add   name: 'base64',
40 silly cache add   rawSpec: '',
40 silly cache add   spec: 'latest',
40 silly cache add   type: 'tag' }
41 silly addNamed base64@latest
42 verbose addNamed "latest" is being treated as a dist-tag for base64
43 info addNameTag [ 'base64', 'latest' ]
44 silly mapToRegistry name base64
45 silly mapToRegistry using default registry
46 silly mapToRegistry registry https://registry.npmjs.org/
47 silly mapToRegistry uri https://registry.npmjs.org/base64
48 verbose addNameTag registry:https://registry.npmjs.org/base64 not in flight; fetching
49 verbose get https://registry.npmjs.org/base64 not expired, no request
50 silly addNameTag next cb for base64 with tag latest
51 silly addNamed base64@2.1.0
52 verbose addNamed "2.1.0" is a plain semver version for base64
53 silly cache afterAdd base64@2.1.0
54 verbose afterAdd C:\Users\Paddy\AppData\Roaming\npm-cache\base64\2.1.0\package\package.json not in flight; writing
55 verbose correctMkdir C:\Users\Paddy\AppData\Roaming\npm-cache correctMkdir not in flight; initializing
56 verbose afterAdd C:\Users\Paddy\AppData\Roaming\npm-cache\base64\2.1.0\package\package.json written
57 silly loadAllDepsIntoIdealTree Finishing
58 silly idealTree:prePrune TwitterAppServer@0.0.0
58 silly idealTree:prePrune +-- ansi-regex@2.0.0
58 silly idealTree:prePrune +-- ansi-styles@2.2.0
58 silly idealTree:prePrune +-- asn1@0.2.3
58 silly idealTree:prePrune +-- assert-plus@0.2.0
58 silly idealTree:prePrune +-- async@1.5.2
58 silly idealTree:prePrune +-- aws-sign2@0.6.0
58 silly idealTree:prePrune +-- aws4@1.3.2
58 silly idealTree:prePrune +-- base64-js@1.1.1
58 silly idealTree:prePrune +-- base64@2.1.0
58 silly idealTree:prePrune +-- bl@1.0.3
58 silly idealTree:prePrune +-- body-parser@1.13.3
58 silly idealTree:prePrune | +-- bytes@2.1.0
58 silly idealTree:prePrune | +-- content-type@1.0.1
58 silly idealTree:prePrune | +-- depd@1.0.1
58 silly idealTree:prePrune | +-- http-errors@1.3.1
58 silly idealTree:prePrune | | +-- inherits@2.0.1
58 silly idealTree:prePrune | | `-- statuses@1.2.1
58 silly idealTree:prePrune | +-- iconv-lite@0.4.11
58 silly idealTree:prePrune | +-- on-finished@2.3.0
58 silly idealTree:prePrune | | `-- ee-first@1.1.1
58 silly idealTree:prePrune | +-- qs@4.0.0
58 silly idealTree:prePrune | +-- raw-body@2.1.6
58 silly idealTree:prePrune | | +-- bytes@2.3.0
58 silly idealTree:prePrune | | +-- iconv-lite@0.4.13
58 silly idealTree:prePrune | | `-- unpipe@1.0.0
58 silly idealTree:prePrune | `-- type-is@1.6.12
58 silly idealTree:prePrune |   +-- media-typer@0.3.0
58 silly idealTree:prePrune |   `-- mime-types@2.1.10
58 silly idealTree:prePrune |     `-- mime-db@1.22.0
58 silly idealTree:prePrune +-- boom@2.10.1
58 silly idealTree:prePrune +-- buffer@4.5.0
58 silly idealTree:prePrune +-- caseless@0.11.0
58 silly idealTree:prePrune +-- chalk@1.1.1
58 silly idealTree:prePrune +-- color-convert@1.0.0
58 silly idealTree:prePrune +-- combined-stream@1.0.5
58 silly idealTree:prePrune +-- commander@2.9.0
58 silly idealTree:prePrune +-- cookie-parser@1.3.5
58 silly idealTree:prePrune | +-- cookie-signature@1.0.6
58 silly idealTree:prePrune | `-- cookie@0.1.3
58 silly idealTree:prePrune +-- core-util-is@1.0.2
58 silly idealTree:prePrune +-- cryptiles@2.0.5
58 silly idealTree:prePrune +-- dashdash@1.13.0
58 silly idealTree:prePrune | `-- assert-plus@1.0.0
58 silly idealTree:prePrune +-- debug@2.2.0
58 silly idealTree:prePrune | `-- ms@0.7.1
58 silly idealTree:prePrune +-- delayed-stream@1.0.0
58 silly idealTree:prePrune +-- ecc-jsbn@0.1.1
58 silly idealTree:prePrune +-- escape-string-regexp@1.0.5
58 silly idealTree:prePrune +-- express@4.13.4
58 silly idealTree:prePrune | +-- accepts@1.2.13
58 silly idealTree:prePrune | | +-- mime-types@2.1.10
58 silly idealTree:prePrune | | | `-- mime-db@1.22.0
58 silly idealTree:prePrune | | `-- negotiator@0.5.3
58 silly idealTree:prePrune | +-- array-flatten@1.1.1
58 silly idealTree:prePrune | +-- content-disposition@0.5.1
58 silly idealTree:prePrune | +-- content-type@1.0.1
58 silly idealTree:prePrune | +-- cookie-signature@1.0.6
58 silly idealTree:prePrune | +-- cookie@0.1.5
58 silly idealTree:prePrune | +-- depd@1.1.0
58 silly idealTree:prePrune | +-- escape-html@1.0.3
58 silly idealTree:prePrune | +-- etag@1.7.0
58 silly idealTree:prePrune | +-- finalhandler@0.4.1
58 silly idealTree:prePrune | | `-- unpipe@1.0.0
58 silly idealTree:prePrune | +-- fresh@0.3.0
58 silly idealTree:prePrune | +-- merge-descriptors@1.0.1
58 silly idealTree:prePrune | +-- methods@1.1.2
58 silly idealTree:prePrune | +-- on-finished@2.3.0
58 silly idealTree:prePrune | | `-- ee-first@1.1.1
58 silly idealTree:prePrune | +-- parseurl@1.3.1
58 silly idealTree:prePrune | +-- path-to-regexp@0.1.7
58 silly idealTree:prePrune | +-- proxy-addr@1.0.10
58 silly idealTree:prePrune | | +-- forwarded@0.1.0
58 silly idealTree:prePrune | | `-- ipaddr.js@1.0.5
58 silly idealTree:prePrune | +-- qs@4.0.0
58 silly idealTree:prePrune | +-- range-parser@1.0.3
58 silly idealTree:prePrune | +-- send@0.13.1
58 silly idealTree:prePrune | | +-- destroy@1.0.4
58 silly idealTree:prePrune | | +-- http-errors@1.3.1
58 silly idealTree:prePrune | | | `-- inherits@2.0.1
58 silly idealTree:prePrune | | +-- mime@1.3.4
58 silly idealTree:prePrune | | +-- ms@0.7.1
58 silly idealTree:prePrune | | `-- statuses@1.2.1
58 silly idealTree:prePrune | +-- serve-static@1.10.2
58 silly idealTree:prePrune | +-- type-is@1.6.12
58 silly idealTree:prePrune | | +-- media-typer@0.3.0
58 silly idealTree:prePrune | | `-- mime-types@2.1.10
58 silly idealTree:prePrune | |   `-- mime-db@1.22.0
58 silly idealTree:prePrune | +-- utils-merge@1.0.0
58 silly idealTree:prePrune | `-- vary@1.0.1
58 silly idealTree:prePrune +-- extend@3.0.0
58 silly idealTree:prePrune +-- extsprintf@1.0.2
58 silly idealTree:prePrune +-- forever-agent@0.6.1
58 silly idealTree:prePrune +-- form-data@1.0.0-rc4
58 silly idealTree:prePrune +-- generate-function@2.0.0
58 silly idealTree:prePrune +-- generate-object-property@1.2.0
58 silly idealTree:prePrune +-- graceful-readlink@1.0.1
58 silly idealTree:prePrune +-- har-validator@2.0.6
58 silly idealTree:prePrune +-- has-ansi@2.0.0
58 silly idealTree:prePrune +-- hawk@3.1.3
58 silly idealTree:prePrune +-- hoek@2.16.3
58 silly idealTree:prePrune +-- http-signature@1.1.1
58 silly idealTree:prePrune +-- ieee754@1.1.6
58 silly idealTree:prePrune +-- inherits@2.0.1
58 silly idealTree:prePrune +-- is-my-json-valid@2.13.1
58 silly idealTree:prePrune +-- is-property@1.0.2
58 silly idealTree:prePrune +-- is-typedarray@1.0.0
58 silly idealTree:prePrune +-- isarray@1.0.0
58 silly idealTree:prePrune +-- isstream@0.1.2
58 silly idealTree:prePrune +-- jade@1.11.0
58 silly idealTree:prePrune | +-- character-parser@1.2.1
58 silly idealTree:prePrune | +-- clean-css@3.4.10
58 silly idealTree:prePrune | | +-- commander@2.8.1
58 silly idealTree:prePrune | | | `-- graceful-readlink@1.0.1
58 silly idealTree:prePrune | | `-- source-map@0.4.4
58 silly idealTree:prePrune | |   `-- amdefine@1.0.0
58 silly idealTree:prePrune | +-- commander@2.6.0
58 silly idealTree:prePrune | +-- constantinople@3.0.2
58 silly idealTree:prePrune | | `-- acorn@2.7.0
58 silly idealTree:prePrune | +-- jstransformer@0.0.2
58 silly idealTree:prePrune | | +-- is-promise@2.1.0
58 silly idealTree:prePrune | | `-- promise@6.1.0
58 silly idealTree:prePrune | |   `-- asap@1.0.0
58 silly idealTree:prePrune | +-- mkdirp@0.5.1
58 silly idealTree:prePrune | | `-- minimist@0.0.8
58 silly idealTree:prePrune | +-- transformers@2.1.0
58 silly idealTree:prePrune | | +-- css@1.0.8
58 silly idealTree:prePrune | | | +-- css-parse@1.0.4
58 silly idealTree:prePrune | | | `-- css-stringify@1.0.5
58 silly idealTree:prePrune | | +-- promise@2.0.0
58 silly idealTree:prePrune | | | `-- is-promise@1.0.1
58 silly idealTree:prePrune | | `-- uglify-js@2.2.5
58 silly idealTree:prePrune | |   +-- optimist@0.3.7
58 silly idealTree:prePrune | |   | `-- wordwrap@0.0.3
58 silly idealTree:prePrune | |   `-- source-map@0.1.43
58 silly idealTree:prePrune | |     `-- amdefine@1.0.0
58 silly idealTree:prePrune | +-- uglify-js@2.6.2
58 silly idealTree:prePrune | | +-- async@0.2.10
58 silly idealTree:prePrune | | +-- source-map@0.5.3
58 silly idealTree:prePrune | | +-- uglify-to-browserify@1.0.2
58 silly idealTree:prePrune | | `-- yargs@3.10.0
58 silly idealTree:prePrune | |   +-- camelcase@1.2.1
58 silly idealTree:prePrune | |   +-- cliui@2.1.0
58 silly idealTree:prePrune | |   | +-- center-align@0.1.3
58 silly idealTree:prePrune | |   | | +-- align-text@0.1.4
58 silly idealTree:prePrune | |   | | | +-- kind-of@3.0.2
58 silly idealTree:prePrune | |   | | | | `-- is-buffer@1.1.3
58 silly idealTree:prePrune | |   | | | +-- longest@1.0.1
58 silly idealTree:prePrune | |   | | | `-- repeat-string@1.5.4
58 silly idealTree:prePrune | |   | | `-- lazy-cache@1.0.3
58 silly idealTree:prePrune | |   | +-- right-align@0.1.3
58 silly idealTree:prePrune | |   | | `-- align-text@0.1.4
58 silly idealTree:prePrune | |   | |   +-- kind-of@3.0.2
58 silly idealTree:prePrune | |   | |   | `-- is-buffer@1.1.3
58 silly idealTree:prePrune | |   | |   +-- longest@1.0.1
58 silly idealTree:prePrune | |   | |   `-- repeat-string@1.5.4
58 silly idealTree:prePrune | |   | `-- wordwrap@0.0.2
58 silly idealTree:prePrune | |   +-- decamelize@1.2.0
58 silly idealTree:prePrune | |   `-- window-size@0.1.0
58 silly idealTree:prePrune | +-- void-elements@2.0.1
58 silly idealTree:prePrune | `-- with@4.0.3
58 silly idealTree:prePrune |   +-- acorn-globals@1.0.9
58 silly idealTree:prePrune |   | `-- acorn@2.7.0
58 silly idealTree:prePrune |   `-- acorn@1.2.2
58 silly idealTree:prePrune +-- jodid25519@1.0.2
58 silly idealTree:prePrune +-- jsbn@0.1.0
58 silly idealTree:prePrune +-- json-schema@0.2.2
58 silly idealTree:prePrune +-- json-stringify-safe@5.0.1
58 silly idealTree:prePrune +-- jsonpointer@2.0.0
58 silly idealTree:prePrune +-- jsprim@1.2.2
58 silly idealTree:prePrune +-- lru-cache@4.0.0
58 silly idealTree:prePrune +-- method-override@2.1.3
58 silly idealTree:prePrune | `-- debug@1.0.4
58 silly idealTree:prePrune +-- methods@1.1.0
58 silly idealTree:prePrune +-- mime-db@1.22.0
58 silly idealTree:prePrune +-- mime-types@2.1.10
58 silly idealTree:prePrune +-- morgan@1.6.1
58 silly idealTree:prePrune | +-- basic-auth@1.0.3
58 silly idealTree:prePrune | +-- depd@1.0.1
58 silly idealTree:prePrune | +-- on-finished@2.3.0
58 silly idealTree:prePrune | | `-- ee-first@1.1.1
58 silly idealTree:prePrune | `-- on-headers@1.0.1
58 silly idealTree:prePrune +-- ms@0.6.2
58 silly idealTree:prePrune +-- node-uuid@1.4.7
58 silly idealTree:prePrune +-- oauth-sign@0.8.1
58 silly idealTree:prePrune +-- parseurl@1.3.1
58 silly idealTree:prePrune +-- pinkie-promise@2.0.0
58 silly idealTree:prePrune +-- pinkie@2.0.4
58 silly idealTree:prePrune +-- process-nextick-args@1.0.6
58 silly idealTree:prePrune +-- pseudomap@1.0.2
58 silly idealTree:prePrune +-- qs@6.0.2
58 silly idealTree:prePrune +-- readable-stream@2.0.6
58 silly idealTree:prePrune +-- request@2.69.0
58 silly idealTree:prePrune +-- serve-favicon@2.3.0
58 silly idealTree:prePrune | +-- etag@1.7.0
58 silly idealTree:prePrune | +-- fresh@0.3.0
58 silly idealTree:prePrune | +-- ms@0.7.1
58 silly idealTree:prePrune | `-- parseurl@1.3.1
58 silly idealTree:prePrune +-- sntp@1.0.9
58 silly idealTree:prePrune +-- sshpk@1.7.4
58 silly idealTree:prePrune +-- string_decoder@0.10.31
58 silly idealTree:prePrune +-- stringstream@0.0.5
58 silly idealTree:prePrune +-- strip-ansi@3.0.1
58 silly idealTree:prePrune +-- supports-color@2.0.0
58 silly idealTree:prePrune +-- tough-cookie@2.2.2
58 silly idealTree:prePrune +-- tunnel-agent@0.4.2
58 silly idealTree:prePrune +-- tweetnacl@0.14.1
58 silly idealTree:prePrune +-- util-deprecate@1.0.2
58 silly idealTree:prePrune +-- vary@1.0.1
58 silly idealTree:prePrune +-- verror@1.3.6
58 silly idealTree:prePrune +-- xtend@4.0.1
58 silly idealTree:prePrune `-- yallist@2.0.0
59 silly loadIdealTree Finishing
60 silly currentTree TwitterAppServer@0.0.0
60 silly currentTree +-- ansi-regex@2.0.0
60 silly currentTree +-- ansi-styles@2.2.0
60 silly currentTree +-- asn1@0.2.3
60 silly currentTree +-- assert-plus@0.2.0
60 silly currentTree +-- async@1.5.2
60 silly currentTree +-- aws-sign2@0.6.0
60 silly currentTree +-- aws4@1.3.2
60 silly currentTree +-- base64-js@1.1.1
60 silly currentTree +-- bl@1.0.3
60 silly currentTree +-- body-parser@1.13.3
60 silly currentTree | +-- bytes@2.1.0
60 silly currentTree | +-- content-type@1.0.1
60 silly currentTree | +-- depd@1.0.1
60 silly currentTree | +-- http-errors@1.3.1
60 silly currentTree | | +-- inherits@2.0.1
60 silly currentTree | | `-- statuses@1.2.1
60 silly currentTree | +-- iconv-lite@0.4.11
60 silly currentTree | +-- on-finished@2.3.0
60 silly currentTree | | `-- ee-first@1.1.1
60 silly currentTree | +-- qs@4.0.0
60 silly currentTree | +-- raw-body@2.1.6
60 silly currentTree | | +-- bytes@2.3.0
60 silly currentTree | | +-- iconv-lite@0.4.13
60 silly currentTree | | `-- unpipe@1.0.0
60 silly currentTree | `-- type-is@1.6.12
60 silly currentTree |   +-- media-typer@0.3.0
60 silly currentTree |   `-- mime-types@2.1.10
60 silly currentTree |     `-- mime-db@1.22.0
60 silly currentTree +-- boom@2.10.1
60 silly currentTree +-- buffer@4.5.0
60 silly currentTree +-- caseless@0.11.0
60 silly currentTree +-- chalk@1.1.1
60 silly currentTree +-- color-convert@1.0.0
60 silly currentTree +-- combined-stream@1.0.5
60 silly currentTree +-- commander@2.9.0
60 silly currentTree +-- cookie-parser@1.3.5
60 silly currentTree | +-- cookie-signature@1.0.6
60 silly currentTree | `-- cookie@0.1.3
60 silly currentTree +-- core-util-is@1.0.2
60 silly currentTree +-- cryptiles@2.0.5
60 silly currentTree +-- dashdash@1.13.0
60 silly currentTree | `-- assert-plus@1.0.0
60 silly currentTree +-- debug@2.2.0
60 silly currentTree | `-- ms@0.7.1
60 silly currentTree +-- delayed-stream@1.0.0
60 silly currentTree +-- ecc-jsbn@0.1.1
60 silly currentTree +-- escape-string-regexp@1.0.5
60 silly currentTree +-- express@4.13.4
60 silly currentTree | +-- accepts@1.2.13
60 silly currentTree | | +-- mime-types@2.1.10
60 silly currentTree | | | `-- mime-db@1.22.0
60 silly currentTree | | `-- negotiator@0.5.3
60 silly currentTree | +-- array-flatten@1.1.1
60 silly currentTree | +-- content-disposition@0.5.1
60 silly currentTree | +-- content-type@1.0.1
60 silly currentTree | +-- cookie-signature@1.0.6
60 silly currentTree | +-- cookie@0.1.5
60 silly currentTree | +-- depd@1.1.0
60 silly currentTree | +-- escape-html@1.0.3
60 silly currentTree | +-- etag@1.7.0
60 silly currentTree | +-- finalhandler@0.4.1
60 silly currentTree | | `-- unpipe@1.0.0
60 silly currentTree | +-- fresh@0.3.0
60 silly currentTree | +-- merge-descriptors@1.0.1
60 silly currentTree | +-- methods@1.1.2
60 silly currentTree | +-- on-finished@2.3.0
60 silly currentTree | | `-- ee-first@1.1.1
60 silly currentTree | +-- parseurl@1.3.1
60 silly currentTree | +-- path-to-regexp@0.1.7
60 silly currentTree | +-- proxy-addr@1.0.10
60 silly currentTree | | +-- forwarded@0.1.0
60 silly currentTree | | `-- ipaddr.js@1.0.5
60 silly currentTree | +-- qs@4.0.0
60 silly currentTree | +-- range-parser@1.0.3
60 silly currentTree | +-- send@0.13.1
60 silly currentTree | | +-- destroy@1.0.4
60 silly currentTree | | +-- http-errors@1.3.1
60 silly currentTree | | | `-- inherits@2.0.1
60 silly currentTree | | +-- mime@1.3.4
60 silly currentTree | | +-- ms@0.7.1
60 silly currentTree | | `-- statuses@1.2.1
60 silly currentTree | +-- serve-static@1.10.2
60 silly currentTree | +-- type-is@1.6.12
60 silly currentTree | | +-- media-typer@0.3.0
60 silly currentTree | | `-- mime-types@2.1.10
60 silly currentTree | |   `-- mime-db@1.22.0
60 silly currentTree | +-- utils-merge@1.0.0
60 silly currentTree | `-- vary@1.0.1
60 silly currentTree +-- extend@3.0.0
60 silly currentTree +-- extsprintf@1.0.2
60 silly currentTree +-- forever-agent@0.6.1
60 silly currentTree +-- form-data@1.0.0-rc4
60 silly currentTree +-- generate-function@2.0.0
60 silly currentTree +-- generate-object-property@1.2.0
60 silly currentTree +-- graceful-readlink@1.0.1
60 silly currentTree +-- har-validator@2.0.6
60 silly currentTree +-- has-ansi@2.0.0
60 silly currentTree +-- hawk@3.1.3
60 silly currentTree +-- hoek@2.16.3
60 silly currentTree +-- http-signature@1.1.1
60 silly currentTree +-- ieee754@1.1.6
60 silly currentTree +-- inherits@2.0.1
60 silly currentTree +-- is-my-json-valid@2.13.1
60 silly currentTree +-- is-property@1.0.2
60 silly currentTree +-- is-typedarray@1.0.0
60 silly currentTree +-- isarray@1.0.0
60 silly currentTree +-- isstream@0.1.2
60 silly currentTree +-- jade@1.11.0
60 silly currentTree | +-- character-parser@1.2.1
60 silly currentTree | +-- clean-css@3.4.10
60 silly currentTree | | +-- commander@2.8.1
60 silly currentTree | | | `-- graceful-readlink@1.0.1
60 silly currentTree | | `-- source-map@0.4.4
60 silly currentTree | |   `-- amdefine@1.0.0
60 silly currentTree | +-- commander@2.6.0
60 silly currentTree | +-- constantinople@3.0.2
60 silly currentTree | | `-- acorn@2.7.0
60 silly currentTree | +-- jstransformer@0.0.2
60 silly currentTree | | +-- is-promise@2.1.0
60 silly currentTree | | `-- promise@6.1.0
60 silly currentTree | |   `-- asap@1.0.0
60 silly currentTree | +-- mkdirp@0.5.1
60 silly currentTree | | `-- minimist@0.0.8
60 silly currentTree | +-- transformers@2.1.0
60 silly currentTree | | +-- css@1.0.8
60 silly currentTree | | | +-- css-parse@1.0.4
60 silly currentTree | | | `-- css-stringify@1.0.5
60 silly currentTree | | +-- promise@2.0.0
60 silly currentTree | | | `-- is-promise@1.0.1
60 silly currentTree | | `-- uglify-js@2.2.5
60 silly currentTree | |   +-- optimist@0.3.7
60 silly currentTree | |   | `-- wordwrap@0.0.3
60 silly currentTree | |   `-- source-map@0.1.43
60 silly currentTree | |     `-- amdefine@1.0.0
60 silly currentTree | +-- uglify-js@2.6.2
60 silly currentTree | | +-- async@0.2.10
60 silly currentTree | | +-- source-map@0.5.3
60 silly currentTree | | +-- uglify-to-browserify@1.0.2
60 silly currentTree | | `-- yargs@3.10.0
60 silly currentTree | |   +-- camelcase@1.2.1
60 silly currentTree | |   +-- cliui@2.1.0
60 silly currentTree | |   | +-- center-align@0.1.3
60 silly currentTree | |   | | +-- align-text@0.1.4
60 silly currentTree | |   | | | +-- kind-of@3.0.2
60 silly currentTree | |   | | | | `-- is-buffer@1.1.3
60 silly currentTree | |   | | | +-- longest@1.0.1
60 silly currentTree | |   | | | `-- repeat-string@1.5.4
60 silly currentTree | |   | | `-- lazy-cache@1.0.3
60 silly currentTree | |   | +-- right-align@0.1.3
60 silly currentTree | |   | | `-- align-text@0.1.4
60 silly currentTree | |   | |   +-- kind-of@3.0.2
60 silly currentTree | |   | |   | `-- is-buffer@1.1.3
60 silly currentTree | |   | |   +-- longest@1.0.1
60 silly currentTree | |   | |   `-- repeat-string@1.5.4
60 silly currentTree | |   | `-- wordwrap@0.0.2
60 silly currentTree | |   +-- decamelize@1.2.0
60 silly currentTree | |   `-- window-size@0.1.0
60 silly currentTree | +-- void-elements@2.0.1
60 silly currentTree | `-- with@4.0.3
60 silly currentTree |   +-- acorn-globals@1.0.9
60 silly currentTree |   | `-- acorn@2.7.0
60 silly currentTree |   `-- acorn@1.2.2
60 silly currentTree +-- jodid25519@1.0.2
60 silly currentTree +-- jsbn@0.1.0
60 silly currentTree +-- json-schema@0.2.2
60 silly currentTree +-- json-stringify-safe@5.0.1
60 silly currentTree +-- jsonpointer@2.0.0
60 silly currentTree +-- jsprim@1.2.2
60 silly currentTree +-- lru-cache@4.0.0
60 silly currentTree +-- method-override@2.1.3
60 silly currentTree | `-- debug@1.0.4
60 silly currentTree +-- methods@1.1.0
60 silly currentTree +-- mime-db@1.22.0
60 silly currentTree +-- mime-types@2.1.10
60 silly currentTree +-- morgan@1.6.1
60 silly currentTree | +-- basic-auth@1.0.3
60 silly currentTree | +-- depd@1.0.1
60 silly currentTree | +-- on-finished@2.3.0
60 silly currentTree | | `-- ee-first@1.1.1
60 silly currentTree | `-- on-headers@1.0.1
60 silly currentTree +-- ms@0.6.2
60 silly currentTree +-- node-uuid@1.4.7
60 silly currentTree +-- oauth-sign@0.8.1
60 silly currentTree +-- parseurl@1.3.1
60 silly currentTree +-- pinkie-promise@2.0.0
60 silly currentTree +-- pinkie@2.0.4
60 silly currentTree +-- process-nextick-args@1.0.6
60 silly currentTree +-- pseudomap@1.0.2
60 silly currentTree +-- qs@6.0.2
60 silly currentTree +-- readable-stream@2.0.6
60 silly currentTree +-- request@2.69.0
60 silly currentTree +-- serve-favicon@2.3.0
60 silly currentTree | +-- etag@1.7.0
60 silly currentTree | +-- fresh@0.3.0
60 silly currentTree | +-- ms@0.7.1
60 silly currentTree | `-- parseurl@1.3.1
60 silly currentTree +-- sntp@1.0.9
60 silly currentTree +-- sshpk@1.7.4
60 silly currentTree +-- string_decoder@0.10.31
60 silly currentTree +-- stringstream@0.0.5
60 silly currentTree +-- strip-ansi@3.0.1
60 silly currentTree +-- supports-color@2.0.0
60 silly currentTree +-- tough-cookie@2.2.2
60 silly currentTree +-- tunnel-agent@0.4.2
60 silly currentTree +-- tweetnacl@0.14.1
60 silly currentTree +-- util-deprecate@1.0.2
60 silly currentTree +-- vary@1.0.1
60 silly currentTree +-- verror@1.3.6
60 silly currentTree +-- xtend@4.0.1
60 silly currentTree `-- yallist@2.0.0
61 silly idealTree TwitterAppServer@0.0.0
61 silly idealTree +-- ansi-regex@2.0.0
61 silly idealTree +-- ansi-styles@2.2.0
61 silly idealTree +-- asn1@0.2.3
61 silly idealTree +-- assert-plus@0.2.0
61 silly idealTree +-- async@1.5.2
61 silly idealTree +-- aws-sign2@0.6.0
61 silly idealTree +-- aws4@1.3.2
61 silly idealTree +-- base64-js@1.1.1
61 silly idealTree +-- base64@2.1.0
61 silly idealTree +-- bl@1.0.3
61 silly idealTree +-- body-parser@1.13.3
61 silly idealTree | +-- bytes@2.1.0
61 silly idealTree | +-- content-type@1.0.1
61 silly idealTree | +-- depd@1.0.1
61 silly idealTree | +-- http-errors@1.3.1
61 silly idealTree | | +-- inherits@2.0.1
61 silly idealTree | | `-- statuses@1.2.1
61 silly idealTree | +-- iconv-lite@0.4.11
61 silly idealTree | +-- on-finished@2.3.0
61 silly idealTree | | `-- ee-first@1.1.1
61 silly idealTree | +-- qs@4.0.0
61 silly idealTree | +-- raw-body@2.1.6
61 silly idealTree | | +-- bytes@2.3.0
61 silly idealTree | | +-- iconv-lite@0.4.13
61 silly idealTree | | `-- unpipe@1.0.0
61 silly idealTree | `-- type-is@1.6.12
61 silly idealTree |   +-- media-typer@0.3.0
61 silly idealTree |   `-- mime-types@2.1.10
61 silly idealTree |     `-- mime-db@1.22.0
61 silly idealTree +-- boom@2.10.1
61 silly idealTree +-- buffer@4.5.0
61 silly idealTree +-- caseless@0.11.0
61 silly idealTree +-- chalk@1.1.1
61 silly idealTree +-- color-convert@1.0.0
61 silly idealTree +-- combined-stream@1.0.5
61 silly idealTree +-- commander@2.9.0
61 silly idealTree +-- cookie-parser@1.3.5
61 silly idealTree | +-- cookie-signature@1.0.6
61 silly idealTree | `-- cookie@0.1.3
61 silly idealTree +-- core-util-is@1.0.2
61 silly idealTree +-- cryptiles@2.0.5
61 silly idealTree +-- dashdash@1.13.0
61 silly idealTree | `-- assert-plus@1.0.0
61 silly idealTree +-- debug@2.2.0
61 silly idealTree | `-- ms@0.7.1
61 silly idealTree +-- delayed-stream@1.0.0
61 silly idealTree +-- ecc-jsbn@0.1.1
61 silly idealTree +-- escape-string-regexp@1.0.5
61 silly idealTree +-- express@4.13.4
61 silly idealTree | +-- accepts@1.2.13
61 silly idealTree | | +-- mime-types@2.1.10
61 silly idealTree | | | `-- mime-db@1.22.0
61 silly idealTree | | `-- negotiator@0.5.3
61 silly idealTree | +-- array-flatten@1.1.1
61 silly idealTree | +-- content-disposition@0.5.1
61 silly idealTree | +-- content-type@1.0.1
61 silly idealTree | +-- cookie-signature@1.0.6
61 silly idealTree | +-- cookie@0.1.5
61 silly idealTree | +-- depd@1.1.0
61 silly idealTree | +-- escape-html@1.0.3
61 silly idealTree | +-- etag@1.7.0
61 silly idealTree | +-- finalhandler@0.4.1
61 silly idealTree | | `-- unpipe@1.0.0
61 silly idealTree | +-- fresh@0.3.0
61 silly idealTree | +-- merge-descriptors@1.0.1
61 silly idealTree | +-- methods@1.1.2
61 silly idealTree | +-- on-finished@2.3.0
61 silly idealTree | | `-- ee-first@1.1.1
61 silly idealTree | +-- parseurl@1.3.1
61 silly idealTree | +-- path-to-regexp@0.1.7
61 silly idealTree | +-- proxy-addr@1.0.10
61 silly idealTree | | +-- forwarded@0.1.0
61 silly idealTree | | `-- ipaddr.js@1.0.5
61 silly idealTree | +-- qs@4.0.0
61 silly idealTree | +-- range-parser@1.0.3
61 silly idealTree | +-- send@0.13.1
61 silly idealTree | | +-- destroy@1.0.4
61 silly idealTree | | +-- http-errors@1.3.1
61 silly idealTree | | | `-- inherits@2.0.1
61 silly idealTree | | +-- mime@1.3.4
61 silly idealTree | | +-- ms@0.7.1
61 silly idealTree | | `-- statuses@1.2.1
61 silly idealTree | +-- serve-static@1.10.2
61 silly idealTree | +-- type-is@1.6.12
61 silly idealTree | | +-- media-typer@0.3.0
61 silly idealTree | | `-- mime-types@2.1.10
61 silly idealTree | |   `-- mime-db@1.22.0
61 silly idealTree | +-- utils-merge@1.0.0
61 silly idealTree | `-- vary@1.0.1
61 silly idealTree +-- extend@3.0.0
61 silly idealTree +-- extsprintf@1.0.2
61 silly idealTree +-- forever-agent@0.6.1
61 silly idealTree +-- form-data@1.0.0-rc4
61 silly idealTree +-- generate-function@2.0.0
61 silly idealTree +-- generate-object-property@1.2.0
61 silly idealTree +-- graceful-readlink@1.0.1
61 silly idealTree +-- har-validator@2.0.6
61 silly idealTree +-- has-ansi@2.0.0
61 silly idealTree +-- hawk@3.1.3
61 silly idealTree +-- hoek@2.16.3
61 silly idealTree +-- http-signature@1.1.1
61 silly idealTree +-- ieee754@1.1.6
61 silly idealTree +-- inherits@2.0.1
61 silly idealTree +-- is-my-json-valid@2.13.1
61 silly idealTree +-- is-property@1.0.2
61 silly idealTree +-- is-typedarray@1.0.0
61 silly idealTree +-- isarray@1.0.0
61 silly idealTree +-- isstream@0.1.2
61 silly idealTree +-- jade@1.11.0
61 silly idealTree | +-- character-parser@1.2.1
61 silly idealTree | +-- clean-css@3.4.10
61 silly idealTree | | +-- commander@2.8.1
61 silly idealTree | | | `-- graceful-readlink@1.0.1
61 silly idealTree | | `-- source-map@0.4.4
61 silly idealTree | |   `-- amdefine@1.0.0
61 silly idealTree | +-- commander@2.6.0
61 silly idealTree | +-- constantinople@3.0.2
61 silly idealTree | | `-- acorn@2.7.0
61 silly idealTree | +-- jstransformer@0.0.2
61 silly idealTree | | +-- is-promise@2.1.0
61 silly idealTree | | `-- promise@6.1.0
61 silly idealTree | |   `-- asap@1.0.0
61 silly idealTree | +-- mkdirp@0.5.1
61 silly idealTree | | `-- minimist@0.0.8
61 silly idealTree | +-- transformers@2.1.0
61 silly idealTree | | +-- css@1.0.8
61 silly idealTree | | | +-- css-parse@1.0.4
61 silly idealTree | | | `-- css-stringify@1.0.5
61 silly idealTree | | +-- promise@2.0.0
61 silly idealTree | | | `-- is-promise@1.0.1
61 silly idealTree | | `-- uglify-js@2.2.5
61 silly idealTree | |   +-- optimist@0.3.7
61 silly idealTree | |   | `-- wordwrap@0.0.3
61 silly idealTree | |   `-- source-map@0.1.43
61 silly idealTree | |     `-- amdefine@1.0.0
61 silly idealTree | +-- uglify-js@2.6.2
61 silly idealTree | | +-- async@0.2.10
61 silly idealTree | | +-- source-map@0.5.3
61 silly idealTree | | +-- uglify-to-browserify@1.0.2
61 silly idealTree | | `-- yargs@3.10.0
61 silly idealTree | |   +-- camelcase@1.2.1
61 silly idealTree | |   +-- cliui@2.1.0
61 silly idealTree | |   | +-- center-align@0.1.3
61 silly idealTree | |   | | +-- align-text@0.1.4
61 silly idealTree | |   | | | +-- kind-of@3.0.2
61 silly idealTree | |   | | | | `-- is-buffer@1.1.3
61 silly idealTree | |   | | | +-- longest@1.0.1
61 silly idealTree | |   | | | `-- repeat-string@1.5.4
61 silly idealTree | |   | | `-- lazy-cache@1.0.3
61 silly idealTree | |   | +-- right-align@0.1.3
61 silly idealTree | |   | | `-- align-text@0.1.4
61 silly idealTree | |   | |   +-- kind-of@3.0.2
61 silly idealTree | |   | |   | `-- is-buffer@1.1.3
61 silly idealTree | |   | |   +-- longest@1.0.1
61 silly idealTree | |   | |   `-- repeat-string@1.5.4
61 silly idealTree | |   | `-- wordwrap@0.0.2
61 silly idealTree | |   +-- decamelize@1.2.0
61 silly idealTree | |   `-- window-size@0.1.0
61 silly idealTree | +-- void-elements@2.0.1
61 silly idealTree | `-- with@4.0.3
61 silly idealTree |   +-- acorn-globals@1.0.9
61 silly idealTree |   | `-- acorn@2.7.0
61 silly idealTree |   `-- acorn@1.2.2
61 silly idealTree +-- jodid25519@1.0.2
61 silly idealTree +-- jsbn@0.1.0
61 silly idealTree +-- json-schema@0.2.2
61 silly idealTree +-- json-stringify-safe@5.0.1
61 silly idealTree +-- jsonpointer@2.0.0
61 silly idealTree +-- jsprim@1.2.2
61 silly idealTree +-- lru-cache@4.0.0
61 silly idealTree +-- method-override@2.1.3
61 silly idealTree | `-- debug@1.0.4
61 silly idealTree +-- methods@1.1.0
61 silly idealTree +-- mime-db@1.22.0
61 silly idealTree +-- mime-types@2.1.10
61 silly idealTree +-- morgan@1.6.1
61 silly idealTree | +-- basic-auth@1.0.3
61 silly idealTree | +-- depd@1.0.1
61 silly idealTree | +-- on-finished@2.3.0
61 silly idealTree | | `-- ee-first@1.1.1
61 silly idealTree | `-- on-headers@1.0.1
61 silly idealTree +-- ms@0.6.2
61 silly idealTree +-- node-uuid@1.4.7
61 silly idealTree +-- oauth-sign@0.8.1
61 silly idealTree +-- parseurl@1.3.1
61 silly idealTree +-- pinkie-promise@2.0.0
61 silly idealTree +-- pinkie@2.0.4
61 silly idealTree +-- process-nextick-args@1.0.6
61 silly idealTree +-- pseudomap@1.0.2
61 silly idealTree +-- qs@6.0.2
61 silly idealTree +-- readable-stream@2.0.6
61 silly idealTree +-- request@2.69.0
61 silly idealTree +-- serve-favicon@2.3.0
61 silly idealTree | +-- etag@1.7.0
61 silly idealTree | +-- fresh@0.3.0
61 silly idealTree | +-- ms@0.7.1
61 silly idealTree | `-- parseurl@1.3.1
61 silly idealTree +-- sntp@1.0.9
61 silly idealTree +-- sshpk@1.7.4
61 silly idealTree +-- string_decoder@0.10.31
61 silly idealTree +-- stringstream@0.0.5
61 silly idealTree +-- strip-ansi@3.0.1
61 silly idealTree +-- supports-color@2.0.0
61 silly idealTree +-- tough-cookie@2.2.2
61 silly idealTree +-- tunnel-agent@0.4.2
61 silly idealTree +-- tweetnacl@0.14.1
61 silly idealTree +-- util-deprecate@1.0.2
61 silly idealTree +-- vary@1.0.1
61 silly idealTree +-- verror@1.3.6
61 silly idealTree +-- xtend@4.0.1
61 silly idealTree `-- yallist@2.0.0
62 silly generateActionsToTake Starting
63 silly install generateActionsToTake
64 silly generateActionsToTake Finishing
65 silly diffTrees action count 1
66 silly diffTrees add base64@2.1.0
67 silly decomposeActions action count 8
68 silly decomposeActions fetch base64@2.1.0
69 silly decomposeActions extract base64@2.1.0
70 silly decomposeActions test base64@2.1.0
71 silly decomposeActions preinstall base64@2.1.0
72 silly decomposeActions build base64@2.1.0
73 silly decomposeActions install base64@2.1.0
74 silly decomposeActions postinstall base64@2.1.0
75 silly decomposeActions finalize base64@2.1.0
76 silly executeActions Starting
77 silly install executeActions
78 silly doSerial global-install 0
79 silly doParallel fetch 1
80 verbose correctMkdir C:\Users\Paddy\AppData\Roaming\npm-cache\_locks correctMkdir not in flight; initializing
81 verbose lock using C:\Users\Paddy\AppData\Roaming\npm-cache\_locks\staging-d57464904508bdd4.lock for C:\Users\Paddy\WebstormProjects\TwitterAppServer\node_modules\.staging
82 silly doParallel extract 1
83 silly extract base64@2.1.0
84 verbose unbuild node_modules\.staging\base64-80f97683
85 silly gentlyRm C:\Users\Paddy\WebstormProjects\TwitterAppServer\node_modules\.staging\base64-80f97683 is being purged from base C:\Users\Paddy\WebstormProjects\TwitterAppServer
86 verbose gentlyRm don't care about contents; nuking C:\Users\Paddy\WebstormProjects\TwitterAppServer\node_modules\.staging\base64-80f97683
87 verbose tar unpack C:\Users\Paddy\AppData\Roaming\npm-cache\base64\2.1.0\package.tgz
88 verbose tar unpacking to C:\Users\Paddy\WebstormProjects\TwitterAppServer\node_modules\.staging\base64-80f97683
89 silly gentlyRm C:\Users\Paddy\WebstormProjects\TwitterAppServer\node_modules\.staging\base64-80f97683 is being purged
90 verbose gentlyRm don't care about contents; nuking C:\Users\Paddy\WebstormProjects\TwitterAppServer\node_modules\.staging\base64-80f97683
91 silly gunzTarPerm modes [ '777', '666' ]
92 silly gunzTarPerm extractEntry package.json
93 silly gunzTarPerm modified mode [ 'package.json', 420, 438 ]
94 silly gunzTarPerm extractEntry .npmignore
95 silly gunzTarPerm modified mode [ '.npmignore', 420, 438 ]
96 silly gunzTarPerm extractEntry base64.cc
97 silly gunzTarPerm modified mode [ 'base64.cc', 420, 438 ]
98 silly gunzTarPerm extractEntry readme.txt
99 silly gunzTarPerm modified mode [ 'readme.txt', 420, 438 ]
100 silly gunzTarPerm extractEntry test/encode.js
101 silly gunzTarPerm modified mode [ 'test/encode.js', 420, 438 ]
102 silly gunzTarPerm extractEntry test/test.sh
103 silly gunzTarPerm modified mode [ 'test/test.sh', 420, 438 ]
104 silly gunzTarPerm extractEntry test/perl-base64-encode.pl
105 silly gunzTarPerm modified mode [ 'test/perl-base64-encode.pl', 420, 438 ]
106 silly gunzTarPerm extractEntry test/hashes.json
107 silly gunzTarPerm modified mode [ 'test/hashes.json', 420, 438 ]
108 silly gunzTarPerm extractEntry test/data/data-rand-11
109 silly gunzTarPerm modified mode [ 'test/data/data-rand-11', 420, 438 ]
110 silly gunzTarPerm extractEntry test/data/data-rand-06
111 silly gunzTarPerm modified mode [ 'test/data/data-rand-06', 420, 438 ]
112 silly gunzTarPerm extractEntry test/data/data-png.png
113 silly gunzTarPerm modified mode [ 'test/data/data-png.png', 420, 438 ]
114 silly gunzTarPerm extractEntry test/data/data-rand-09
115 silly gunzTarPerm modified mode [ 'test/data/data-rand-09', 420, 438 ]
116 silly gunzTarPerm extractEntry test/data/data-rand-08
117 silly gunzTarPerm modified mode [ 'test/data/data-rand-08', 420, 438 ]
118 silly gunzTarPerm extractEntry test/data/data-rand-05
119 silly gunzTarPerm modified mode [ 'test/data/data-rand-05', 420, 438 ]
120 silly gunzTarPerm extractEntry test/data/data-rand-03
121 silly gunzTarPerm modified mode [ 'test/data/data-rand-03', 420, 438 ]
122 silly gunzTarPerm extractEntry test/data/data-rand-10
123 silly gunzTarPerm modified mode [ 'test/data/data-rand-10', 420, 438 ]
124 silly gunzTarPerm extractEntry test/data/data-rand-13
125 silly gunzTarPerm modified mode [ 'test/data/data-rand-13', 420, 438 ]
126 silly gunzTarPerm extractEntry test/data/data-rand-14
127 silly gunzTarPerm modified mode [ 'test/data/data-rand-14', 420, 438 ]
128 silly gunzTarPerm extractEntry test/data/data-rand-20
129 silly gunzTarPerm modified mode [ 'test/data/data-rand-20', 420, 438 ]
130 silly gunzTarPerm extractEntry test/data/data-source-code.c
131 silly gunzTarPerm modified mode [ 'test/data/data-source-code.c', 420, 438 ]
132 silly gunzTarPerm extractEntry test/data/data-rand-07
133 silly gunzTarPerm modified mode [ 'test/data/data-rand-07', 420, 438 ]
134 silly gunzTarPerm extractEntry test/data/data-rand-02
135 silly gunzTarPerm modified mode [ 'test/data/data-rand-02', 420, 438 ]
136 silly gunzTarPerm extractEntry test/data/data-rand-01
137 silly gunzTarPerm modified mode [ 'test/data/data-rand-01', 420, 438 ]
138 silly gunzTarPerm extractEntry test/data/data-rand-15
139 silly gunzTarPerm modified mode [ 'test/data/data-rand-15', 420, 438 ]
140 silly gunzTarPerm extractEntry test/data/data-rand-18
141 silly gunzTarPerm modified mode [ 'test/data/data-rand-18', 420, 438 ]
142 silly gunzTarPerm extractEntry test/data/data-rand-04
143 silly gunzTarPerm modified mode [ 'test/data/data-rand-04', 420, 438 ]
144 silly gunzTarPerm extractEntry test/data/data-rand-17
145 silly gunzTarPerm modified mode [ 'test/data/data-rand-17', 420, 438 ]
146 silly gunzTarPerm extractEntry test/data/data-rand-12
147 silly gunzTarPerm modified mode [ 'test/data/data-rand-12', 420, 438 ]
148 silly gunzTarPerm extractEntry test/data/data-rand-19
149 silly gunzTarPerm modified mode [ 'test/data/data-rand-19', 420, 438 ]
150 silly gunzTarPerm extractEntry test/data/data-rand-16
151 silly gunzTarPerm modified mode [ 'test/data/data-rand-16', 420, 438 ]
152 silly gunzTarPerm extractEntry package.json~
153 silly gunzTarPerm modified mode [ 'package.json~', 420, 438 ]
154 silly gunzTarPerm extractEntry binding.gyp
155 silly gunzTarPerm modified mode [ 'binding.gyp', 420, 438 ]
156 silly gentlyRm C:\Users\Paddy\WebstormProjects\TwitterAppServer\node_modules\.staging\base64-80f97683\node_modules is being purged
157 verbose gentlyRm don't care about contents; nuking C:\Users\Paddy\WebstormProjects\TwitterAppServer\node_modules\.staging\base64-80f97683\node_modules
158 silly doParallel preinstall 1
159 silly preinstall base64@2.1.0 C:\Users\Paddy\WebstormProjects\TwitterAppServer\node_modules\.staging\base64-80f97683
160 info lifecycle base64@2.1.0~preinstall: base64@2.1.0
161 silly lifecycle base64@2.1.0~preinstall: no script for preinstall, continuing
162 silly doReverseSerial remove 0
163 silly doSerial move 0
164 silly doSerial finalize 1
165 silly finalize C:\Users\Paddy\WebstormProjects\TwitterAppServer\node_modules\base64
166 silly doSerial build 1
167 silly build base64@2.1.0
168 info linkStuff base64@2.1.0
169 silly linkStuff base64@2.1.0 has C:\Users\Paddy\WebstormProjects\TwitterAppServer\node_modules as its parent node_modules
170 verbose linkBins base64@2.1.0
171 verbose linkMans base64@2.1.0
172 silly doSerial global-link 0
173 silly doParallel update-linked 0
174 silly doSerial install 1
175 silly install base64@2.1.0 C:\Users\Paddy\WebstormProjects\TwitterAppServer\node_modules\.staging\base64-80f97683
176 info lifecycle base64@2.1.0~install: base64@2.1.0
177 verbose lifecycle base64@2.1.0~install: unsafe-perm in lifecycle true
178 verbose lifecycle base64@2.1.0~install: PATH: C:\Users\Paddy\AppData\Roaming\npm\node_modules\npm\bin\node-gyp-bin;C:\Users\Paddy\WebstormProjects\TwitterAppServer\node_modules\base64\node_modules\.bin;C:\Users\Paddy\WebstormProjects\TwitterAppServer\node_modules\.bin;C:\Program Files\nodejs;C:\ProgramData\Oracle\Java\javapath;C:\Windows\system32;C:\Windows;C:\Windows\System32\Wbem;C:\Windows\System32\WindowsPowerShell\v1.0\;C:\Program Files (x86)\Git\bin;C:\Program Files (x86)\Git\cmd;C:\Program Files (x86)\Deployd\bin;C:\Program Files (x86)\Windows Live\Shared;C:\apache-maven-3.3.9\apache-maven\src\bin;C:\Program Files\nodejs\;?C:\Program Files\MongoDB\Server\3.2\bin;C:\row\Ruby200\bin;C:\Program Files (x86)\MySQL\MySQL Server 5.6\bin;C:\Users\Paddy\AppData\Local\atom\bin;C:\apache-maven-3.3.9\apache-maven\src\bin;C:\Users\Paddy\AppData\Roaming\npm
179 verbose lifecycle base64@2.1.0~install: CWD: C:\Users\Paddy\WebstormProjects\TwitterAppServer\node_modules\base64
180 silly lifecycle base64@2.1.0~install: Args: [ '/d /s /c', 'node-gyp rebuild' ]
181 silly lifecycle base64@2.1.0~install: Returned: code: 1  signal: null
182 info lifecycle base64@2.1.0~install: Failed to exec install script
183 verbose unlock done using C:\Users\Paddy\AppData\Roaming\npm-cache\_locks\staging-d57464904508bdd4.lock for C:\Users\Paddy\WebstormProjects\TwitterAppServer\node_modules\.staging
184 silly rollbackFailedOptional Starting
185 silly rollbackFailedOptional Finishing
186 silly runTopLevelLifecycles Starting
187 silly runTopLevelLifecycles Finishing
188 silly install printInstalled
189 verbose stack Error: base64@2.1.0 install: `node-gyp rebuild`
189 verbose stack Exit status 1
189 verbose stack     at EventEmitter.<anonymous> (C:\Users\Paddy\AppData\Roaming\npm\node_modules\npm\lib\utils\lifecycle.js:239:16)
189 verbose stack     at emitTwo (events.js:87:13)
189 verbose stack     at EventEmitter.emit (events.js:172:7)
189 verbose stack     at ChildProcess.<anonymous> (C:\Users\Paddy\AppData\Roaming\npm\node_modules\npm\lib\utils\spawn.js:24:14)
189 verbose stack     at emitTwo (events.js:87:13)
189 verbose stack     at ChildProcess.emit (events.js:172:7)
189 verbose stack     at maybeClose (internal/child_process.js:827:16)
189 verbose stack     at Process.ChildProcess._handle.onexit (internal/child_process.js:211:5)
190 verbose pkgid base64@2.1.0
191 verbose cwd C:\Users\Paddy\WebstormProjects\TwitterAppServer
192 error Windows_NT 6.3.9600
193 error argv "C:\\Program Files\\nodejs\\node.exe" "C:\\Users\\Paddy\\AppData\\Roaming\\npm\\node_modules\\npm\\bin\\npm-cli.js" "install" "base64"
194 error node v4.4.0
195 error npm  v3.8.0
196 error code ELIFECYCLE
197 error base64@2.1.0 install: `node-gyp rebuild`
197 error Exit status 1
198 error Failed at the base64@2.1.0 install script 'node-gyp rebuild'.
198 error Make sure you have the latest version of node.js and npm installed.
198 error If you do, this is most likely a problem with the base64 package,
198 error not with npm itself.
198 error Tell the author that this fails on your system:
198 error     node-gyp rebuild
198 error You can get information on how to open an issue for this project with:
198 error     npm bugs base64
198 error Or if that isn't available, you can get their info via:
198 error     npm owner ls base64
198 error There is likely additional logging output above.
199 verbose exit [ 1, true ]
